2026-02-04 04:07:36,448 [INFO] ==================================================
2026-02-04 04:07:36,448 [INFO] FANZA PAYLOAD 捕获工具启动
2026-02-04 04:07:36,448 [INFO] ==================================================
2026-02-04 04:07:36,448 [INFO] [1/2] 捕获单影片 PAYLOAD...
2026-02-04 04:07:36,448 [INFO] 捕获单影片 PAYLOAD: ipzz00780
2026-02-04 04:07:36,449 [INFO] 尝试 1/10
2026-02-04 04:07:38,281 [INFO] 访问页面...
2026-02-04 04:07:39,901 [INFO] 页面标题: 年齢認証 - FANZA
2026-02-04 04:07:39,901 [INFO] 检测到年龄验证页面
2026-02-04 04:07:42,253 [INFO] 年龄验证通过
2026-02-04 04:07:42,253 [INFO] 等待 GraphQL 请求（最多 15s）...
2026-02-04 04:07:42,767 [INFO] 捕获到 ContentPageData
2026-02-04 04:07:43,321 [INFO] 保存到: PAYLOAD_ID.json
2026-02-04 04:07:43,322 [INFO] 捕获成功 (耗时: 6.9s)
2026-02-04 04:07:43,370 [INFO] [2/2] 捕获演员搜索页 PAYLOAD...
2026-02-04 04:07:43,370 [INFO] 捕获演员搜索页 PAYLOAD: 1044099
2026-02-04 04:07:43,370 [INFO] 尝试 1/10
2026-02-04 04:07:43,835 [INFO] 访问页面...
2026-02-04 04:07:44,899 [INFO] 页面标题: 年齢認証 - FANZA
2026-02-04 04:07:44,899 [INFO] 检测到年龄验证页面
2026-02-04 04:07:46,118 [INFO] 年龄验证通过
2026-02-04 04:07:46,118 [INFO] 等待 GraphQL 请求（最多 15s）...
2026-02-04 04:07:46,705 [INFO] 捕获到 AvSearch
2026-02-04 04:07:47,233 [INFO] 保存到: PAYLOAD_ACTRESS.json
2026-02-04 04:07:47,234 [INFO] 捕获成功 (耗时: 3.9s)
2026-02-04 04:07:47,288 [INFO] ==================================================
2026-02-04 04:07:47,288 [INFO] 执行完成
2026-02-04 04:07:47,288 [INFO] 日志文件: /home/runner/work/PAYLOAD/PAYLOAD/LOGS/2026-02-04_04-07-36.log
2026-02-04 04:07:47,288 [INFO] ==================================================
