2026-02-04 04:26:39,464 [INFO] ==================================================
2026-02-04 04:26:39,464 [INFO] FANZA PAYLOAD 捕获工具启动
2026-02-04 04:26:39,464 [INFO] ==================================================
2026-02-04 04:26:39,464 [INFO] [1/2] 捕获单影片 PAYLOAD...
2026-02-04 04:26:39,464 [INFO] 捕获单影片 PAYLOAD: ipzz00780
2026-02-04 04:26:39,464 [INFO] 尝试 1/10
2026-02-04 04:26:40,904 [INFO] 访问页面...
2026-02-04 04:26:42,244 [INFO] 页面标题: 年齢認証 - FANZA
2026-02-04 04:26:42,245 [INFO] 检测到年龄验证页面
2026-02-04 04:26:43,733 [INFO] 年龄验证通过
2026-02-04 04:26:43,733 [INFO] 等待 GraphQL 请求（最多 15s）...
2026-02-04 04:26:44,264 [INFO] 捕获到 ContentPageData
2026-02-04 04:26:44,779 [INFO] 保存到: PAYLOAD_ID.json
2026-02-04 04:26:44,779 [INFO] 捕获成功 (耗时: 5.3s)
2026-02-04 04:26:44,837 [INFO] [2/2] 捕获演员搜索页 PAYLOAD...
2026-02-04 04:26:44,838 [INFO] 捕获演员搜索页 PAYLOAD: 1044099
2026-02-04 04:26:44,838 [INFO] 尝试 1/10
2026-02-04 04:26:45,319 [INFO] 访问页面...
2026-02-04 04:26:45,979 [INFO] 页面标题: 年齢認証 - FANZA
2026-02-04 04:26:45,979 [INFO] 检测到年龄验证页面
2026-02-04 04:26:46,654 [INFO] 年龄验证通过
2026-02-04 04:26:46,654 [INFO] 等待 GraphQL 请求（最多 15s）...
2026-02-04 04:26:47,244 [INFO] 捕获到 AvSearch
2026-02-04 04:26:47,772 [INFO] 保存到: PAYLOAD_ACTRESS.json
2026-02-04 04:26:47,774 [INFO] 捕获成功 (耗时: 2.9s)
2026-02-04 04:26:47,842 [INFO] ==================================================
2026-02-04 04:26:47,842 [INFO] 执行完成
2026-02-04 04:26:47,842 [INFO] 日志文件: /home/runner/work/PAYLOAD/PAYLOAD/LOGS/2026-02-04_04-26-39.log
2026-02-04 04:26:47,842 [INFO] ==================================================
