2026-02-04 09:02:56,454 [INFO] ==================================================
2026-02-04 09:02:56,454 [INFO] FANZA PAYLOAD 捕获工具启动
2026-02-04 09:02:56,456 [INFO] ==================================================
2026-02-04 09:02:56,456 [INFO] [1/2] 捕获单影片 PAYLOAD...
2026-02-04 09:02:56,456 [INFO] 捕获单影片 PAYLOAD: ipzz00780
2026-02-04 09:02:56,456 [INFO] 尝试 1/10
2026-02-04 09:03:03,008 [INFO] 访问页面...
2026-02-04 09:03:15,441 [INFO] 页面标题: 年齢認証 - FANZA
2026-02-04 09:03:15,441 [INFO] 检测到年龄验证页面
2026-02-04 09:03:22,848 [INFO] 年龄验证通过
2026-02-04 09:03:22,848 [INFO] 等待 GraphQL 请求（最多 15s）...
2026-02-04 09:03:27,952 [INFO] 捕获到 ContentPageData
2026-02-04 09:03:28,465 [INFO] 保存到: PAYLOAD_ID.json
2026-02-04 09:03:28,465 [INFO] 捕获成功 (耗时: 32.0s)
2026-02-04 09:03:28,573 [INFO] [2/2] 捕获演员搜索页 PAYLOAD...
2026-02-04 09:03:28,573 [INFO] 捕获演员搜索页 PAYLOAD: 1044099
2026-02-04 09:03:28,573 [INFO] 尝试 1/10
2026-02-04 09:03:28,989 [INFO] 访问页面...
2026-02-04 09:03:36,370 [INFO] 页面标题: 年齢認証 - FANZA
2026-02-04 09:03:36,370 [INFO] 检测到年龄验证页面
2026-02-04 09:03:43,256 [INFO] 年龄验证通过
2026-02-04 09:03:43,257 [INFO] 等待 GraphQL 请求（最多 15s）...
2026-02-04 09:03:46,839 [INFO] 捕获到 AvSearch
2026-02-04 09:03:47,350 [INFO] 保存到: PAYLOAD_ACTRESS.json
2026-02-04 09:03:47,350 [INFO] 捕获成功 (耗时: 18.8s)
2026-02-04 09:03:47,448 [INFO] ==================================================
2026-02-04 09:03:47,448 [INFO] 执行完成
2026-02-04 09:03:47,448 [INFO] 日志文件: G:\OneDrive\05-编程文件\FANZA_PAYLOAD\GitHub Actions\LOGS\2026-02-04_09-02-56.log
2026-02-04 09:03:47,448 [INFO] ==================================================
