2026-02-04 04:09:34,544 [INFO] ==================================================
2026-02-04 04:09:34,544 [INFO] FANZA PAYLOAD 捕获工具启动
2026-02-04 04:09:34,544 [INFO] ==================================================
2026-02-04 04:09:34,544 [INFO] [1/2] 捕获单影片 PAYLOAD...
2026-02-04 04:09:34,544 [INFO] 捕获单影片 PAYLOAD: ipzz00780
2026-02-04 04:09:34,544 [INFO] 尝试 1/10
2026-02-04 04:09:36,865 [INFO] 访问页面...
2026-02-04 04:09:38,468 [INFO] 页面标题: 年齢認証 - FANZA
2026-02-04 04:09:38,468 [INFO] 检测到年龄验证页面
2026-02-04 04:09:40,980 [INFO] 年龄验证通过
2026-02-04 04:09:40,980 [INFO] 等待 GraphQL 请求（最多 15s）...
2026-02-04 04:09:41,497 [INFO] 捕获到 ContentPageData
2026-02-04 04:09:42,059 [INFO] 保存到: PAYLOAD_ID.json
2026-02-04 04:09:42,060 [INFO] 捕获成功 (耗时: 7.5s)
2026-02-04 04:09:42,116 [INFO] [2/2] 捕获演员搜索页 PAYLOAD...
2026-02-04 04:09:42,116 [INFO] 捕获演员搜索页 PAYLOAD: 1044099
2026-02-04 04:09:42,116 [INFO] 尝试 1/10
2026-02-04 04:09:42,585 [INFO] 访问页面...
2026-02-04 04:09:43,220 [INFO] 页面标题: 年齢認証 - FANZA
2026-02-04 04:09:43,220 [INFO] 检测到年龄验证页面
2026-02-04 04:09:44,113 [INFO] 年龄验证通过
2026-02-04 04:09:44,114 [INFO] 等待 GraphQL 请求（最多 15s）...
2026-02-04 04:09:44,703 [INFO] 捕获到 AvSearch
2026-02-04 04:09:45,252 [INFO] 保存到: PAYLOAD_ACTRESS.json
2026-02-04 04:09:45,252 [INFO] 捕获成功 (耗时: 3.1s)
2026-02-04 04:09:45,304 [INFO] ==================================================
2026-02-04 04:09:45,304 [INFO] 执行完成
2026-02-04 04:09:45,305 [INFO] 日志文件: /home/runner/work/PAYLOAD/PAYLOAD/LOGS/2026-02-04_04-09-34.log
2026-02-04 04:09:45,305 [INFO] ==================================================
